[06:20:54] [ServerMain/INFO]: Environment: Environment[sessionHost=https://sessionserver.mojang.com, servicesHost=https://api.minecraftservices.com, name=PROD]
[06:20:58] [ServerMain/INFO]: Loaded 1290 recipes
[06:20:58] [ServerMain/INFO]: Loaded 1399 advancements
[06:20:59] [Server thread/INFO]: Starting minecraft server version 1.21
[06:20:59] [Server thread/INFO]: Loading properties
[06:20:59] [Server thread/INFO]: Default game type: SURVIVAL
[06:20:59] [Server thread/INFO]: Generating keypair
[06:20:59] [Server thread/INFO]: Starting Minecraft server on *:25565
[06:20:59] [Server thread/INFO]: Using epoll channel type
[06:20:59] [Server thread/WARN]: **** SERVER IS RUNNING IN OFFLINE/INSECURE MODE!
[06:20:59] [Server thread/WARN]: The server will make no attempt to authenticate usernames. Beware.
[06:20:59] [Server thread/WARN]: While this makes the game possible to play without internet access, it also opens up the ability for hackers to connect with any username they choose.
[06:20:59] [Server thread/WARN]: To change this, set "online-mode" to "true" in the server.properties file.
[06:20:59] [Server thread/INFO]: Preparing level "world"
[06:21:01] [Server thread/INFO]: Preparing start region for dimension minecraft:overworld
[06:21:01] [Worker-Main-2/INFO]: Preparing spawn area: 0%
[06:21:01] [Server thread/INFO]: Time elapsed: 567 ms
[06:21:01] [Server thread/INFO]: Done (2.444s)! For help, type "help"
[06:21:01] [Server thread/INFO]: Starting remote control listener
[06:21:01] [Server thread/INFO]: Thread RCON Listener started
[06:21:01] [Server thread/INFO]: RCON running on 0.0.0.0:25575
[06:24:17] [Server thread/INFO]: sentrymn[/172.18.0.1:33656] logged in with entity id 5 at (54.5, 63.0, -22.5)
[06:24:17] [Server thread/INFO]: sentrymn joined the game
[06:25:27] [Server thread/INFO]: sentrymn was shot by Skeleton
[06:25:54] [Server thread/INFO]: sentrymn has made the advancement [Monster Hunter]
[06:26:10] [Server thread/INFO]: sentrymn lost connection: Disconnected
[06:26:10] [Server thread/INFO]: sentrymn left the game
[06:33:44] [Server thread/INFO]: sentrymn[/172.18.0.1:45576] logged in with entity id 1031 at (71.36470417215013, 64.0, -26.52804513608525)
[06:33:44] [Server thread/INFO]: sentrymn joined the game
[06:34:51] [Server thread/WARN]: Can't keep up! Is the server overloaded? Running 2269ms or 45 ticks behind
[06:36:03] [Server thread/INFO]: sentrymn was slain by Iron Golem
[06:37:56] [Server thread/INFO]: Villager cmk['Villager'/2060, l='ServerLevel[world]', x=66.34, y=63.94, z=-169.03] died, message: 'Villager was slain by Zombie'
[06:39:51] [Server thread/INFO]: sentrymn was slain by Iron Golem
[06:40:13] [Server thread/INFO]: sentrymn was slain by Iron Golem
[06:40:39] [Server thread/INFO]: sentrymn was slain by Iron Golem
[06:41:06] [Server thread/INFO]: sentrymn was slain by Iron Golem
[06:41:25] [Server thread/INFO]: sentrymn was slain by Iron Golem
[06:42:13] [Server thread/INFO]: sentrymn has made the advancement [Acquire Hardware]
[06:42:59] [Server thread/INFO]: Villager cmk['Farmer'/4415, l='ServerLevel[world]', x=37.97, y=65.00, z=-129.07] died, message: 'Farmer was slain by sentrymn'
[06:44:24] [Server thread/INFO]: Villager cmk['Farmer'/4490, l='ServerLevel[world]', x=101.03, y=64.84, z=-176.19] died, message: 'Farmer was slain by sentrymn'
[06:44:29] [Server thread/INFO]: Villager cmk['Farmer'/4489, l='ServerLevel[world]', x=102.99, y=63.00, z=-172.51] died, message: 'Farmer was slain by sentrymn'
[06:46:05] [Server thread/INFO]: sentrymn was shot by Skeleton
[06:48:38] [Server thread/INFO]: sentrymn has made the advancement [Stone Age]
[06:49:28] [Server thread/INFO]: sentrymn has made the advancement [Getting an Upgrade]
[06:51:49] [RCON Listener #1/INFO]: Thread RCON Client /0:0:0:0:0:0:0:1 started
[06:51:49] [Server thread/INFO]: [Rcon: Stopping the server]
[06:51:49] [Server thread/INFO]: Stopping server
[06:51:49] [RCON Client /0:0:0:0:0:0:0:1 #2/INFO]: Thread RCON Client /0:0:0:0:0:0:0:1 shutting down
[06:51:49] [Server thread/INFO]: Saving players
[06:51:49] [Server thread/INFO]: sentrymn lost connection: Server closed
[06:51:49] [Server thread/INFO]: sentrymn left the game
[06:51:49] [Server thread/INFO]: Saving worlds
[06:51:50] [Server thread/INFO]: Saving chunks for level 'ServerLevel[world]'/minecraft:overworld
[06:51:51] [Server thread/INFO]: Saving chunks for level 'ServerLevel[world]'/minecraft:the_end
[06:51:51] [Server thread/INFO]: Saving chunks for level 'ServerLevel[world]'/minecraft:the_nether
[06:51:51] [Server thread/INFO]: ThreadedAnvilChunkStorage (world): All chunks are saved
[06:51:51] [Server thread/INFO]: ThreadedAnvilChunkStorage (DIM1): All chunks are saved
[06:51:51] [Server thread/INFO]: ThreadedAnvilChunkStorage (DIM-1): All chunks are saved
[06:51:51] [Server thread/INFO]: ThreadedAnvilChunkStorage: All dimensions are saved
[06:51:51] [Server thread/INFO]: Thread RCON Listener stopped
